libraryNavigation/build/intermediates/manifest_merge_blame_file/debug/manifest-merger-blame-debug-report.txt
1<?xml version="1.0" encoding="utf-8"?>
2<manifest xmlns:android="http://schemas.android.com/apk/res/android"
3    xmlns:tools="http://schemas.android.com/tools"
4    package="com.example.librarynavigation" >
5
6    <uses-sdk
7        android:minSdkVersion="24"
7-->src\main\AndroidManifest.xml
8        android:targetSdkVersion="33" />
8-->src\main\AndroidManifest.xml
9
10    <uses-permission android:name="android.permission.ACCESS_NETWORK_STATE" />
10-->src\main\AndroidManifest.xml:5:5-79
10-->src\main\AndroidManifest.xml:5:22-76
11    <uses-permission android:name="android.permission.INTERNET" />
11-->src\main\AndroidManifest.xml:6:5-67
11-->src\main\AndroidManifest.xml:6:22-64
12
13    <application
13-->src\main\AndroidManifest.xml:7:5-24:19
14        android:name="com.example.librarynavigation.AppModuleLogin"
14-->src\main\AndroidManifest.xml:8:9-39
15        android:allowBackup="true"
15-->src\main\AndroidManifest.xml:9:9-35
16        android:supportsRtl="true"
16-->src\main\AndroidManifest.xml:10:9-35
17        tools:targetApi="31" >
17-->src\main\AndroidManifest.xml:11:9-29
18        <activity
18-->src\main\AndroidManifest.xml:12:9-22:20
19            android:name="com.example.librarynavigation.MainActivityFlow"
19-->src\main\AndroidManifest.xml:13:13-45
20            android:exported="true"
20-->src\main\AndroidManifest.xml:14:13-36
21            android:screenOrientation="portrait" >
21-->src\main\AndroidManifest.xml:15:13-49
22            <intent-filter>
22-->src\main\AndroidManifest.xml:17:13-21:29
23                <action android:name="android.intent.action.MAIN" />
23-->src\main\AndroidManifest.xml:18:17-69
23-->src\main\AndroidManifest.xml:18:25-66
24
25                <category android:name="android.intent.category.LAUNCHER" />
25-->src\main\AndroidManifest.xml:20:17-77
25-->src\main\AndroidManifest.xml:20:27-74
26            </intent-filter>
27        </activity>
28    </application>
29
30</manifest>